
> server@0.0.1 start:dev
> nest start --watch

[2J[3J[H[[90m15:48:46[0m] Starting compilation in watch mode...

[[90m15:48:47[0m] Found 0 errors. Watching for file changes.

[32m[Nest] 5336  - [39m2026/01/23 15:48:47 [32m    LOG[39m [38;5;3m[NestFactory] [39m[32mStarting Nest application...[39m
[32m[Nest] 5336  - [39m2026/01/23 15:48:47 [32m    LOG[39m [38;5;3m[InstanceLoader] [39m[32mPrismaModule dependencies initialized[39m[38;5;3m +7ms[39m
[32m[Nest] 5336  - [39m2026/01/23 15:48:47 [32m    LOG[39m [38;5;3m[InstanceLoader] [39m[32mPassportModule dependencies initialized[39m[38;5;3m +0ms[39m
[32m[Nest] 5336  - [39m2026/01/23 15:48:47 [32m    LOG[39m [38;5;3m[InstanceLoader] [39m[32mJwtModule dependencies initialized[39m[38;5;3m +2ms[39m
[32m[Nest] 5336  - [39m2026/01/23 15:48:47 [32m    LOG[39m [38;5;3m[InstanceLoader] [39m[32mAppModule dependencies initialized[39m[38;5;3m +0ms[39m
[32m[Nest] 5336  - [39m2026/01/23 15:48:47 [32m    LOG[39m [38;5;3m[InstanceLoader] [39m[32mUsersModule dependencies initialized[39m[38;5;3m +0ms[39m
[32m[Nest] 5336  - [39m2026/01/23 15:48:47 [32m    LOG[39m [38;5;3m[InstanceLoader] [39m[32mOrganizationsModule dependencies initialized[39m[38;5;3m +0ms[39m
[32m[Nest] 5336  - [39m2026/01/23 15:48:47 [32m    LOG[39m [38;5;3m[InstanceLoader] [39m[32mProjectsModule dependencies initialized[39m[38;5;3m +0ms[39m
[32m[Nest] 5336  - [39m2026/01/23 15:48:47 [32m    LOG[39m [38;5;3m[InstanceLoader] [39m[32mEmployeesModule dependencies initialized[39m[38;5;3m +0ms[39m
[32m[Nest] 5336  - [39m2026/01/23 15:48:47 [32m    LOG[39m [38;5;3m[InstanceLoader] [39m[32mWorkRecordsModule dependencies initialized[39m[38;5;3m +0ms[39m
[32m[Nest] 5336  - [39m2026/01/23 15:48:47 [32m    LOG[39m [38;5;3m[InstanceLoader] [39m[32mAuthModule dependencies initialized[39m[38;5;3m +0ms[39m
[32m[Nest] 5336  - [39m2026/01/23 15:48:47 [32m    LOG[39m [38;5;3m[RoutesResolver] [39m[32mAppController {/}:[39m[38;5;3m +10ms[39m
[32m[Nest] 5336  - [39m2026/01/23 15:48:47 [32m    LOG[39m [38;5;3m[RouterExplorer] [39m[32mMapped {/, GET} route[39m[38;5;3m +0ms[39m
[32m[Nest] 5336  - [39m2026/01/23 15:48:47 [32m    LOG[39m [38;5;3m[RoutesResolver] [39m[32mUsersController {/users}:[39m[38;5;3m +1ms[39m
[32m[Nest] 5336  - [39m2026/01/23 15:48:47 [32m    LOG[39m [38;5;3m[RoutesResolver] [39m[32mOrganizationsController {/organizations}:[39m[38;5;3m +0ms[39m
[32m[Nest] 5336  - [39m2026/01/23 15:48:47 [32m    LOG[39m [38;5;3m[RouterExplorer] [39m[32mMapped {/organizations, POST} route[39m[38;5;3m +0ms[39m
[32m[Nest] 5336  - [39m2026/01/23 15:48:47 [32m    LOG[39m [38;5;3m[RouterExplorer] [39m[32mMapped {/organizations, GET} route[39m[38;5;3m +0ms[39m
[32m[Nest] 5336  - [39m2026/01/23 15:48:47 [32m    LOG[39m [38;5;3m[RouterExplorer] [39m[32mMapped {/organizations/:id, GET} route[39m[38;5;3m +0ms[39m
[32m[Nest] 5336  - [39m2026/01/23 15:48:47 [32m    LOG[39m [38;5;3m[RouterExplorer] [39m[32mMapped {/organizations/:id, PATCH} route[39m[38;5;3m +0ms[39m
[32m[Nest] 5336  - [39m2026/01/23 15:48:47 [32m    LOG[39m [38;5;3m[RouterExplorer] [39m[32mMapped {/organizations/:id, DELETE} route[39m[38;5;3m +0ms[39m
[32m[Nest] 5336  - [39m2026/01/23 15:48:47 [32m    LOG[39m [38;5;3m[RouterExplorer] [39m[32mMapped {/organizations/:id/leave, POST} route[39m[38;5;3m +0ms[39m
[32m[Nest] 5336  - [39m2026/01/23 15:48:47 [32m    LOG[39m [38;5;3m[RoutesResolver] [39m[32mProjectsController {/projects}:[39m[38;5;3m +0ms[39m
[32m[Nest] 5336  - [39m2026/01/23 15:48:47 [32m    LOG[39m [38;5;3m[RouterExplorer] [39m[32mMapped {/projects, POST} route[39m[38;5;3m +1ms[39m
[32m[Nest] 5336  - [39m2026/01/23 15:48:47 [32m    LOG[39m [38;5;3m[RouterExplorer] [39m[32mMapped {/projects, GET} route[39m[38;5;3m +0ms[39m
[32m[Nest] 5336  - [39m2026/01/23 15:48:47 [32m    LOG[39m [38;5;3m[RouterExplorer] [39m[32mMapped {/projects/:id, GET} route[39m[38;5;3m +0ms[39m
[32m[Nest] 5336  - [39m2026/01/23 15:48:47 [32m    LOG[39m [38;5;3m[RouterExplorer] [39m[32mMapped {/projects/:id/members, POST} route[39m[38;5;3m +0ms[39m
[32m[Nest] 5336  - [39m2026/01/23 15:48:47 [32m    LOG[39m [38;5;3m[RouterExplorer] [39m[32mMapped {/projects/:id/members, GET} route[39m[38;5;3m +0ms[39m
[32m[Nest] 5336  - [39m2026/01/23 15:48:47 [32m    LOG[39m [38;5;3m[RouterExplorer] [39m[32mMapped {/projects/:id/flows, POST} route[39m[38;5;3m +0ms[39m
[32m[Nest] 5336  - [39m2026/01/23 15:48:47 [32m    LOG[39m [38;5;3m[RouterExplorer] [39m[32mMapped {/projects/:id/flows, GET} route[39m[38;5;3m +0ms[39m
[32m[Nest] 5336  - [39m2026/01/23 15:48:47 [32m    LOG[39m [38;5;3m[RoutesResolver] [39m[32mEmployeesController {/employees}:[39m[38;5;3m +0ms[39m
[32m[Nest] 5336  - [39m2026/01/23 15:48:47 [32m    LOG[39m [38;5;3m[RouterExplorer] [39m[32mMapped {/employees, POST} route[39m[38;5;3m +0ms[39m
[32m[Nest] 5336  - [39m2026/01/23 15:48:47 [32m    LOG[39m [38;5;3m[RouterExplorer] [39m[32mMapped {/employees, GET} route[39m[38;5;3m +0ms[39m
[32m[Nest] 5336  - [39m2026/01/23 15:48:47 [32m    LOG[39m [38;5;3m[RouterExplorer] [39m[32mMapped {/employees/:id, GET} route[39m[38;5;3m +0ms[39m
[32m[Nest] 5336  - [39m2026/01/23 15:48:47 [32m    LOG[39m [38;5;3m[RouterExplorer] [39m[32mMapped {/employees/:id, PATCH} route[39m[38;5;3m +0ms[39m
[32m[Nest] 5336  - [39m2026/01/23 15:48:47 [32m    LOG[39m [38;5;3m[RouterExplorer] [39m[32mMapped {/employees/:id, DELETE} route[39m[38;5;3m +0ms[39m
[32m[Nest] 5336  - [39m2026/01/23 15:48:47 [32m    LOG[39m [38;5;3m[RouterExplorer] [39m[32mMapped {/employees/:id/transfer-ownership, POST} route[39m[38;5;3m +0ms[39m
[32m[Nest] 5336  - [39m2026/01/23 15:48:47 [32m    LOG[39m [38;5;3m[RoutesResolver] [39m[32mWorkRecordsController {/work-records}:[39m[38;5;3m +1ms[39m
[32m[Nest] 5336  - [39m2026/01/23 15:48:47 [32m    LOG[39m [38;5;3m[RouterExplorer] [39m[32mMapped {/work-records, POST} route[39m[38;5;3m +0ms[39m
[32m[Nest] 5336  - [39m2026/01/23 15:48:47 [32m    LOG[39m [38;5;3m[RouterExplorer] [39m[32mMapped {/work-records, GET} route[39m[38;5;3m +0ms[39m
[32m[Nest] 5336  - [39m2026/01/23 15:48:47 [32m    LOG[39m [38;5;3m[RoutesResolver] [39m[32mAuthController {/auth}:[39m[38;5;3m +0ms[39m
[32m[Nest] 5336  - [39m2026/01/23 15:48:47 [32m    LOG[39m [38;5;3m[RouterExplorer] [39m[32mMapped {/auth/login-or-register, POST} route[39m[38;5;3m +0ms[39m
[32m[Nest] 5336  - [39m2026/01/23 15:48:47 [32m    LOG[39m [38;5;3m[RouterExplorer] [39m[32mMapped {/auth/register, POST} route[39m[38;5;3m +0ms[39m
[32m[Nest] 5336  - [39m2026/01/23 15:48:47 [32m    LOG[39m [38;5;3m[RouterExplorer] [39m[32mMapped {/auth/profile, GET} route[39m[38;5;3m +0ms[39m
[32m[Nest] 5336  - [39m2026/01/23 15:48:47 [32m    LOG[39m [38;5;3m[NestApplication] [39m[32mNest application successfully started[39m[38;5;3m +1ms[39m
